{"name": "User should be search hotels in the application successfully -- @1.2 ", "status": "broken", "statusDetails": {"message": "selenium.common.exceptions.NoSuchElementException: Message: no such element: Unable to locate element: {\"method\":\"xpath\",\"selector\":\"//span[text()=\"Debit/Credit Card\"]\"}\n  (Session info: chrome=107.0.5304.88)\n\n", "trace": "  File \"C:\\Users\\Sourabh Patil\\AppData\\Local\\Programs\\Python\\Python310\\lib\\site-packages\\behave\\model.py\", line 1329, in run\n    match.run(runner.context)\n  File \"C:\\Users\\Sourabh Patil\\AppData\\Local\\Programs\\Python\\Python310\\lib\\site-packages\\behave\\matchers.py\", line 98, in run\n    self.func(context, *args, **kwargs)\n  File \"steps\\bdd_hotel_module.py\", line 170, in enter_card_number\n    context.driver.find_element(\"xpath\", '//span[text()=\"Debit/Credit Card\"]').click()\n  File \"C:\\Users\\Sourabh Patil\\AppData\\Local\\Programs\\Python\\Python310\\lib\\site-packages\\selenium\\webdriver\\remote\\webdriver.py\", line 976, in find_element\n    return self.execute(Command.FIND_ELEMENT, {\n  File \"C:\\Users\\Sourabh Patil\\AppData\\Local\\Programs\\Python\\Python310\\lib\\site-packages\\selenium\\webdriver\\remote\\webdriver.py\", line 321, in execute\n    self.error_handler.check_response(response)\n  File \"C:\\Users\\Sourabh Patil\\AppData\\Local\\Programs\\Python\\Python310\\lib\\site-packages\\selenium\\webdriver\\remote\\errorhandler.py\", line 242, in check_response\n    raise exception_class(message, screen, stacktrace)\n"}, "steps": [{"name": "Given Open the browser and enter the valid url", "status": "passed", "start": 1667545480980, "stop": 1667545492228}, {"name": "When Click on hotel button", "status": "passed", "start": 1667545492228, "stop": 1667545495441}, {"name": "When Click on india radio button", "status": "passed", "start": 1667545495441, "stop": 1667545495593}, {"name": "When Enter the city name\"Pune\"", "status": "passed", "start": 1667545495593, "stop": 1667545497787}, {"name": "When Select check in  and check out dates", "status": "passed", "start": 1667545497787, "stop": 1667545498069}, {"name": "When Select number of guests and rooms", "status": "passed", "start": 1667545498070, "stop": 1667545498477}, {"name": "When Click on search button", "status": "passed", "start": 1667545498477, "stop": 1667545498620}, {"name": "When Click on search location and enter hotel name \"Hotel Dreamland\"", "status": "passed", "start": 1667545498620, "stop": 1667545504923}, {"name": "When Click on view room options and select room", "status": "passed", "start": 1667545504923, "stop": 1667545510155}, {"name": "When Enter guest First name \"Sourabh\"", "status": "passed", "start": 1667545510155, "stop": 1667545511332}, {"name": "When Enter guest Last name \"Patil\"", "status": "passed", "start": 1667545511333, "stop": 1667545511433}, {"name": "When Enter guest Email ID \"abc12@gmail.com\"", "status": "passed", "start": 1667545511433, "stop": 1667545511574}, {"name": "When Enter guest Mobile number \"9876543210\"", "status": "passed", "start": 1667545511574, "stop": 1667545514772}, {"name": "When Proceed to payment option", "status": "passed", "start": 1667545514772, "stop": 1667545519953}, {"name": "When Enter Card number \"556454589654\"", "status": "broken", "statusDetails": {"message": "selenium.common.exceptions.NoSuchElementException: Message: no such element: Unable to locate element: {\"method\":\"xpath\",\"selector\":\"//span[text()=\"Debit/Credit Card\"]\"}\n  (Session info: chrome=107.0.5304.88)\n\n", "trace": "  File \"C:\\Users\\Sourabh Patil\\AppData\\Local\\Programs\\Python\\Python310\\lib\\site-packages\\behave\\model.py\", line 1329, in run\n    match.run(runner.context)\n  File \"C:\\Users\\Sourabh Patil\\AppData\\Local\\Programs\\Python\\Python310\\lib\\site-packages\\behave\\matchers.py\", line 98, in run\n    self.func(context, *args, **kwargs)\n  File \"steps\\bdd_hotel_module.py\", line 170, in enter_card_number\n    context.driver.find_element(\"xpath\", '//span[text()=\"Debit/Credit Card\"]').click()\n  File \"C:\\Users\\Sourabh Patil\\AppData\\Local\\Programs\\Python\\Python310\\lib\\site-packages\\selenium\\webdriver\\remote\\webdriver.py\", line 976, in find_element\n    return self.execute(Command.FIND_ELEMENT, {\n  File \"C:\\Users\\Sourabh Patil\\AppData\\Local\\Programs\\Python\\Python310\\lib\\site-packages\\selenium\\webdriver\\remote\\webdriver.py\", line 321, in execute\n    self.error_handler.check_response(response)\n  File \"C:\\Users\\Sourabh Patil\\AppData\\Local\\Programs\\Python\\Python310\\lib\\site-packages\\selenium\\webdriver\\remote\\errorhandler.py\", line 242, in check_response\n    raise exception_class(message, screen, stacktrace)\n"}, "start": 1667545519953, "stop": 1667545529997}, {"name": "When Enter Name on card \"sourabh patil\"", "status": "skipped", "start": 1667545530000, "stop": 1667545530000}, {"name": "When Enter Expiry date \"0423\"", "status": "skipped", "start": 1667545530000, "stop": 1667545530000}, {"name": "When Enter CVV \"986\"", "status": "skipped", "start": 1667545530000, "stop": 1667545530000}, {"name": "When Click on Pay", "status": "skipped", "start": 1667545530000, "stop": 1667545530000}, {"name": "Then Verify hotelpage should be displayed", "status": "skipped", "start": 1667545530000, "stop": 1667545530000}], "parameters": [{"name": "city_name", "value": "Pune"}, {"name": "Hotel_name", "value": "Hotel Dreamland"}, {"name": "first_name", "value": "Sourabh"}, {"name": "last_name", "value": "Patil"}, {"name": "email_id", "value": "abc12@gmail.com"}, {"name": "mb_number", "value": "9876543210"}, {"name": "card_number", "value": "556454589654"}, {"name": "name_on_card", "value": "sourabh patil"}, {"name": "exp_date", "value": "0423"}, {"name": "cvv", "value": "986"}], "start": 1667545480977, "stop": 1667545530000, "uuid": "b919d56f-5ab1-43cb-89cf-a5353aa88076", "historyId": "0a0d91ae048e5245f0157dd2282194c8", "fullName": "Hotel_Module: User should be search hotels in the application successfully", "labels": [{"name": "severity", "value": "normal"}, {"name": "feature", "value": "Hotel_Module"}, {"name": "framework", "value": "behave"}, {"name": "language", "value": "cpython3"}]}